<?xml version="1.0" encoding="UTF-8"?>
<!-- Generated by org.testng.reporters.JUnitXMLReporter -->
<testsuite ignored="0" hostname="Active34" failures="0" tests="7" name="OPEND" time="50.649" errors="0" timestamp="2023-08-19T12:57:24 IST">
  <testcase classname="com.OpendTestCases.LoginTest1" name="verifyByValidcredentials" time="1.517"/>
  <testcase classname="com.OpendTestCases.LoginTest1" name="verifyByinvalidcredentials" time="1.348"/>
  <testcase classname="com.OpendTestCases.LoginTest1" name="verifyByinvalidcredentials" time="1.419"/>
  <testcase classname="com.OpendTestCases.LoginTest1" name="verifyByvalid_emailID_invalidpassword" time="1.383"/>
  <testcase classname="com.OpendTestCases.LoginTest1" name="verifyByinvalid_emailID_validpassword" time="1.328"/>
  <testcase classname="com.OpendTestCases.LoginTest1" name="verifyBywithoutprovidingcredentials" time="1.256"/>
  <testcase classname="com.OpendTestCases.DashboardTest" name="DashboardFrame" time="10.322"/>
</testsuite> <!-- OPEND -->
