<?xml version="1.0" encoding="UTF-8"?>
<testng-results ignored="0" total="7" passed="6" failed="1" skipped="0">
  <reporter-output>
  </reporter-output>
  <suite started-at="2023-08-21T17:56:21 IST" name="Email Marketing suite" finished-at="2023-08-21T17:57:19 IST" duration-ms="58520">
    <groups>
    </groups>
    <test started-at="2023-08-21T17:56:21 IST" name="OPEND" finished-at="2023-08-21T17:57:19 IST" duration-ms="58520">
      <class name="com.OpendTestCases.LoginTest1">
        <test-method is-config="true" signature="setup()[pri:0, instance:com.OpendTestCases.LoginTest1@750e2b97]" started-at="2023-08-21T17:56:21 IST" name="setup" finished-at="2023-08-21T17:56:28 IST" duration-ms="6587" status="PASS">
          <reporter-output>
          </reporter-output>
        </test-method> <!-- setup -->
        <test-method signature="verifyByValidcredentials()[pri:1, instance:com.OpendTestCases.LoginTest1@750e2b97]" started-at="2023-08-21T17:56:28 IST" name="verifyByValidcredentials" finished-at="2023-08-21T17:56:29 IST" duration-ms="1593" status="FAIL">
          <exception class="org.openqa.selenium.InvalidSelectorException">
            <message>
              <![CDATA[invalid selector: Unable to locate an element with the xpath expression //div[@class='nav-title']A because of the following error:
SyntaxError: Failed to execute 'evaluate' on 'Document': The string '//div[@class='nav-title']A' is not a valid XPath expression.
  (Session info: chrome=113.0.5672.92)
For documentation on this error, please visit: https://www.selenium.dev/documentation/webdriver/troubleshooting/errors#invalid-selector-exception
Build info: version: '4.10.0', revision: 'c14d967899'
System info: os.name: 'Linux', os.arch: 'amd64', os.version: '5.15.0-79-generic', java.version: '17.0.5'
Driver info: org.openqa.selenium.chrome.ChromeDriver
Command: [4cfcd5e28324574f1c41d23196acac1d, findElement {using=xpath, value=//div[@class='nav-title']A}]
Capabilities {acceptInsecureCerts: false, browserName: chrome, browserVersion: 113.0.5672.92, chrome: {chromedriverVersion: 113.0.5672.63 (0e1a4471d5ae..., userDataDir: /tmp/.com.google.Chrome.fsuVZW}, goog:chromeOptions: {debuggerAddress: localhost:44543}, networkConnectionEnabled: false, pageLoadStrategy: normal, platformName: linux, proxy: Proxy(), se:cdp: ws://localhost:44543/devtoo..., se:cdpVersion: 113.0.5672.92, setWindowRect: true, strictFileInteractability: false, timeouts: {implicit: 0, pageLoad: 300000, script: 30000}, unhandledPromptBehavior: dismiss and notify, webauthn:extension:credBlob: true, webauthn:extension:largeBlob: true, webauthn:extension:minPinLength: true, webauthn:extension:prf: true, webauthn:virtualAuthenticators: true}
Session ID: 4cfcd5e28324574f1c41d23196acac1d]]>
            </message>
            <full-stacktrace>
              <![CDATA[org.openqa.selenium.InvalidSelectorException: invalid selector: Unable to locate an element with the xpath expression //div[@class='nav-title']A because of the following error:
SyntaxError: Failed to execute 'evaluate' on 'Document': The string '//div[@class='nav-title']A' is not a valid XPath expression.
  (Session info: chrome=113.0.5672.92)
For documentation on this error, please visit: https://www.selenium.dev/documentation/webdriver/troubleshooting/errors#invalid-selector-exception
Build info: version: '4.10.0', revision: 'c14d967899'
System info: os.name: 'Linux', os.arch: 'amd64', os.version: '5.15.0-79-generic', java.version: '17.0.5'
Driver info: org.openqa.selenium.chrome.ChromeDriver
Command: [4cfcd5e28324574f1c41d23196acac1d, findElement {using=xpath, value=//div[@class='nav-title']A}]
Capabilities {acceptInsecureCerts: false, browserName: chrome, browserVersion: 113.0.5672.92, chrome: {chromedriverVersion: 113.0.5672.63 (0e1a4471d5ae..., userDataDir: /tmp/.com.google.Chrome.fsuVZW}, goog:chromeOptions: {debuggerAddress: localhost:44543}, networkConnectionEnabled: false, pageLoadStrategy: normal, platformName: linux, proxy: Proxy(), se:cdp: ws://localhost:44543/devtoo..., se:cdpVersion: 113.0.5672.92, setWindowRect: true, strictFileInteractability: false, timeouts: {implicit: 0, pageLoad: 300000, script: 30000}, unhandledPromptBehavior: dismiss and notify, webauthn:extension:credBlob: true, webauthn:extension:largeBlob: true, webauthn:extension:minPinLength: true, webauthn:extension:prf: true, webauthn:virtualAuthenticators: true}
Session ID: 4cfcd5e28324574f1c41d23196acac1d
at java.base/jdk.internal.reflect.NativeConstructorAccessorImpl.newInstance0(Native Method)
at java.base/jdk.internal.reflect.NativeConstructorAccessorImpl.newInstance(NativeConstructorAccessorImpl.java:77)
at java.base/jdk.internal.reflect.DelegatingConstructorAccessorImpl.newInstance(DelegatingConstructorAccessorImpl.java:45)
at java.base/java.lang.reflect.Constructor.newInstanceWithCaller(Constructor.java:499)
at java.base/java.lang.reflect.Constructor.newInstance(Constructor.java:480)
at org.openqa.selenium.remote.codec.w3c.W3CHttpResponseCodec.createException(W3CHttpResponseCodec.java:199)
at org.openqa.selenium.remote.codec.w3c.W3CHttpResponseCodec.decode(W3CHttpResponseCodec.java:132)
at org.openqa.selenium.remote.codec.w3c.W3CHttpResponseCodec.decode(W3CHttpResponseCodec.java:51)
at org.openqa.selenium.remote.HttpCommandExecutor.execute(HttpCommandExecutor.java:191)
at org.openqa.selenium.remote.service.DriverCommandExecutor.invokeExecute(DriverCommandExecutor.java:196)
at org.openqa.selenium.remote.service.DriverCommandExecutor.execute(DriverCommandExecutor.java:171)
at org.openqa.selenium.remote.RemoteWebDriver.execute(RemoteWebDriver.java:531)
at org.openqa.selenium.remote.ElementLocation$ElementFinder$2.findElement(ElementLocation.java:165)
at org.openqa.selenium.remote.ElementLocation.findElement(ElementLocation.java:59)
at org.openqa.selenium.remote.RemoteWebDriver.findElement(RemoteWebDriver.java:350)
at org.openqa.selenium.remote.RemoteWebDriver.findElement(RemoteWebDriver.java:344)
at org.openqa.selenium.support.pagefactory.DefaultElementLocator.findElement(DefaultElementLocator.java:68)
at org.openqa.selenium.support.pagefactory.internal.LocatingElementHandler.invoke(LocatingElementHandler.java:38)
at jdk.proxy2/jdk.proxy2.$Proxy18.getText(Unknown Source)
at Pages.LoginPage1.VerifyElementText(LoginPage1.java:37)
at com.OpendTestCases.LoginTest1.verifyByValidcredentials(LoginTest1.java:49)
at java.base/jdk.internal.reflect.NativeMethodAccessorImpl.invoke0(Native Method)
at java.base/jdk.internal.reflect.NativeMethodAccessorImpl.invoke(NativeMethodAccessorImpl.java:77)
at java.base/jdk.internal.reflect.DelegatingMethodAccessorImpl.invoke(DelegatingMethodAccessorImpl.java:43)
at java.base/java.lang.reflect.Method.invoke(Method.java:568)
at org.testng.internal.invokers.MethodInvocationHelper.invokeMethod(MethodInvocationHelper.java:139)
at org.testng.internal.invokers.TestInvoker.invokeMethod(TestInvoker.java:664)
at org.testng.internal.invokers.TestInvoker.invokeTestMethod(TestInvoker.java:227)
at org.testng.internal.invokers.MethodRunner.runInSequence(MethodRunner.java:50)
at org.testng.internal.invokers.TestInvoker$MethodInvocationAgent.invoke(TestInvoker.java:957)
at org.testng.internal.invokers.TestInvoker.invokeTestMethods(TestInvoker.java:200)
at org.testng.internal.invokers.TestMethodWorker.invokeTestMethods(TestMethodWorker.java:148)
at org.testng.internal.invokers.TestMethodWorker.run(TestMethodWorker.java:128)
at java.base/java.util.ArrayList.forEach(ArrayList.java:1511)
at org.testng.TestRunner.privateRun(TestRunner.java:848)
at org.testng.TestRunner.run(TestRunner.java:621)
at org.testng.SuiteRunner.runTest(SuiteRunner.java:443)
at org.testng.SuiteRunner.runSequentially(SuiteRunner.java:437)
at org.testng.SuiteRunner.privateRun(SuiteRunner.java:397)
at org.testng.SuiteRunner.run(SuiteRunner.java:336)
at org.testng.SuiteRunnerWorker.runSuite(SuiteRunnerWorker.java:52)
at org.testng.SuiteRunnerWorker.run(SuiteRunnerWorker.java:95)
at org.testng.TestNG.runSuitesSequentially(TestNG.java:1280)
at org.testng.TestNG.runSuitesLocally(TestNG.java:1200)
at org.testng.TestNG.runSuites(TestNG.java:1114)
at org.testng.TestNG.run(TestNG.java:1082)
at org.testng.remote.AbstractRemoteTestNG.run(AbstractRemoteTestNG.java:115)
at org.testng.remote.RemoteTestNG.initAndRun(RemoteTestNG.java:251)
at org.testng.remote.RemoteTestNG.main(RemoteTestNG.java:77)
]]>
            </full-stacktrace>
          </exception> <!-- org.openqa.selenium.InvalidSelectorException -->
          <reporter-output>
          </reporter-output>
        </test-method> <!-- verifyByValidcredentials -->
        <test-method is-config="true" signature="TearDown()[pri:0, instance:com.OpendTestCases.LoginTest1@750e2b97]" started-at="2023-08-21T17:56:30 IST" name="TearDown" finished-at="2023-08-21T17:56:30 IST" duration-ms="215" status="PASS">
          <reporter-output>
          </reporter-output>
        </test-method> <!-- TearDown -->
        <test-method is-config="true" signature="setup()[pri:0, instance:com.OpendTestCases.LoginTest1@750e2b97]" started-at="2023-08-21T17:56:31 IST" name="setup" finished-at="2023-08-21T17:56:35 IST" duration-ms="4161" status="PASS">
          <reporter-output>
          </reporter-output>
        </test-method> <!-- setup -->
        <test-method signature="verifyByinvalidcredentials(java.lang.String,java.lang.String)[pri:2, instance:com.OpendTestCases.LoginTest1@750e2b97]" started-at="2023-08-21T17:56:35 IST" name="verifyByinvalidcredentials" data-provider="DataSupplier" finished-at="2023-08-21T17:56:36 IST" duration-ms="1512" status="PASS">
          <params>
            <param index="0">
              <value>
                <![CDATA[admiiiin@oped.com]]>
              </value>
            </param>
            <param index="1">
              <value>
                <![CDATA[2222]]>
              </value>
            </param>
          </params>
          <reporter-output>
          </reporter-output>
        </test-method> <!-- verifyByinvalidcredentials -->
        <test-method is-config="true" signature="TearDown()[pri:0, instance:com.OpendTestCases.LoginTest1@750e2b97]" started-at="2023-08-21T17:56:36 IST" name="TearDown" finished-at="2023-08-21T17:56:36 IST" duration-ms="112" status="PASS">
          <reporter-output>
          </reporter-output>
        </test-method> <!-- TearDown -->
        <test-method is-config="true" signature="setup()[pri:0, instance:com.OpendTestCases.LoginTest1@750e2b97]" started-at="2023-08-21T17:56:36 IST" name="setup" finished-at="2023-08-21T17:56:41 IST" duration-ms="4225" status="PASS">
          <reporter-output>
          </reporter-output>
        </test-method> <!-- setup -->
        <test-method signature="verifyByinvalidcredentials(java.lang.String,java.lang.String)[pri:2, instance:com.OpendTestCases.LoginTest1@750e2b97]" started-at="2023-08-21T17:56:41 IST" name="verifyByinvalidcredentials" data-provider="DataSupplier" finished-at="2023-08-21T17:56:42 IST" duration-ms="1432" status="PASS">
          <params>
            <param index="0">
              <value>
                <![CDATA[admmmmin@gmail.com]]>
              </value>
            </param>
            <param index="1">
              <value>
                <![CDATA[23412]]>
              </value>
            </param>
          </params>
          <reporter-output>
          </reporter-output>
        </test-method> <!-- verifyByinvalidcredentials -->
        <test-method is-config="true" signature="TearDown()[pri:0, instance:com.OpendTestCases.LoginTest1@750e2b97]" started-at="2023-08-21T17:56:42 IST" name="TearDown" finished-at="2023-08-21T17:56:42 IST" duration-ms="136" status="PASS">
          <reporter-output>
          </reporter-output>
        </test-method> <!-- TearDown -->
        <test-method is-config="true" signature="setup()[pri:0, instance:com.OpendTestCases.LoginTest1@750e2b97]" started-at="2023-08-21T17:56:42 IST" name="setup" finished-at="2023-08-21T17:56:47 IST" duration-ms="4581" status="PASS">
          <reporter-output>
          </reporter-output>
        </test-method> <!-- setup -->
        <test-method signature="verifyByvalid_emailID_invalidpassword()[pri:3, instance:com.OpendTestCases.LoginTest1@750e2b97]" started-at="2023-08-21T17:56:47 IST" name="verifyByvalid_emailID_invalidpassword" finished-at="2023-08-21T17:56:48 IST" duration-ms="1523" status="PASS">
          <reporter-output>
          </reporter-output>
        </test-method> <!-- verifyByvalid_emailID_invalidpassword -->
        <test-method is-config="true" signature="TearDown()[pri:0, instance:com.OpendTestCases.LoginTest1@750e2b97]" started-at="2023-08-21T17:56:48 IST" name="TearDown" finished-at="2023-08-21T17:56:49 IST" duration-ms="113" status="PASS">
          <reporter-output>
          </reporter-output>
        </test-method> <!-- TearDown -->
        <test-method is-config="true" signature="setup()[pri:0, instance:com.OpendTestCases.LoginTest1@750e2b97]" started-at="2023-08-21T17:56:49 IST" name="setup" finished-at="2023-08-21T17:56:53 IST" duration-ms="4186" status="PASS">
          <reporter-output>
          </reporter-output>
        </test-method> <!-- setup -->
        <test-method signature="verifyByinvalid_emailID_validpassword()[pri:4, instance:com.OpendTestCases.LoginTest1@750e2b97]" started-at="2023-08-21T17:56:53 IST" name="verifyByinvalid_emailID_validpassword" finished-at="2023-08-21T17:56:54 IST" duration-ms="1429" status="PASS">
          <reporter-output>
          </reporter-output>
        </test-method> <!-- verifyByinvalid_emailID_validpassword -->
        <test-method is-config="true" signature="TearDown()[pri:0, instance:com.OpendTestCases.LoginTest1@750e2b97]" started-at="2023-08-21T17:56:54 IST" name="TearDown" finished-at="2023-08-21T17:56:54 IST" duration-ms="143" status="PASS">
          <reporter-output>
          </reporter-output>
        </test-method> <!-- TearDown -->
        <test-method is-config="true" signature="setup()[pri:0, instance:com.OpendTestCases.LoginTest1@750e2b97]" started-at="2023-08-21T17:56:54 IST" name="setup" finished-at="2023-08-21T17:56:59 IST" duration-ms="4511" status="PASS">
          <reporter-output>
          </reporter-output>
        </test-method> <!-- setup -->
        <test-method signature="verifyBywithoutprovidingcredentials()[pri:5, instance:com.OpendTestCases.LoginTest1@750e2b97]" started-at="2023-08-21T17:56:59 IST" name="verifyBywithoutprovidingcredentials" finished-at="2023-08-21T17:57:00 IST" duration-ms="1370" status="PASS">
          <reporter-output>
          </reporter-output>
        </test-method> <!-- verifyBywithoutprovidingcredentials -->
        <test-method is-config="true" signature="TearDown()[pri:0, instance:com.OpendTestCases.LoginTest1@750e2b97]" started-at="2023-08-21T17:57:00 IST" name="TearDown" finished-at="2023-08-21T17:57:00 IST" duration-ms="241" status="PASS">
          <reporter-output>
          </reporter-output>
        </test-method> <!-- TearDown -->
      </class> <!-- com.OpendTestCases.LoginTest1 -->
      <class name="com.OpendTestCases.DashboardTest">
        <test-method is-config="true" signature="Setup()[pri:0, instance:com.OpendTestCases.DashboardTest@6bbe85a8]" started-at="2023-08-21T17:57:00 IST" name="Setup" finished-at="2023-08-21T17:57:06 IST" duration-ms="5973" status="PASS">
          <reporter-output>
          </reporter-output>
        </test-method> <!-- Setup -->
        <test-method signature="DashboardFrame()[pri:0, instance:com.OpendTestCases.DashboardTest@6bbe85a8]" started-at="2023-08-21T17:57:06 IST" name="DashboardFrame" finished-at="2023-08-21T17:57:19 IST" duration-ms="12537" status="PASS">
          <reporter-output>
          </reporter-output>
        </test-method> <!-- DashboardFrame -->
        <test-method is-config="true" signature="tearDown()[pri:0, instance:com.OpendTestCases.DashboardTest@6bbe85a8]" started-at="2023-08-21T17:57:19 IST" name="tearDown" finished-at="2023-08-21T17:57:19 IST" duration-ms="264" status="PASS">
          <reporter-output>
          </reporter-output>
        </test-method> <!-- tearDown -->
      </class> <!-- com.OpendTestCases.DashboardTest -->
    </test> <!-- OPEND -->
  </suite> <!-- Email Marketing suite -->
</testng-results>
