<?xml version="1.0" encoding="UTF-8"?>
<!-- Generated by org.testng.reporters.JUnitXMLReporter -->
<testsuite ignored="4" hostname="Active34" failures="0" tests="1" name="Default test" time="7.022" errors="0" timestamp="2023-08-19T12:46:53 IST">
  <testcase classname="com.OpendTestCases.LoginTest1" name="verifyByinvalid_emailID_validpassword" time="1.374"/>
  <testcase classname="com.OpendTestCases.LoginTest1" name="verifyByValidcredentials" time="0.0">
    <ignored/>
  </testcase> <!-- verifyByValidcredentials -->
  <testcase classname="com.OpendTestCases.LoginTest1" name="verifyBywithoutprovidingcredentials" time="0.0">
    <ignored/>
  </testcase> <!-- verifyBywithoutprovidingcredentials -->
  <testcase classname="com.OpendTestCases.LoginTest1" name="verifyByinvalidcredentials" time="0.0">
    <ignored/>
  </testcase> <!-- verifyByinvalidcredentials -->
  <testcase classname="com.OpendTestCases.LoginTest1" name="verifyByvalid_emailID_invalidpassword" time="0.0">
    <ignored/>
  </testcase> <!-- verifyByvalid_emailID_invalidpassword -->
</testsuite> <!-- Default test -->
